2019-03-21 12:14:34 INFO  Log:12 - Test is Starting...
2019-03-21 12:14:38 INFO  Log:22 - Open site and login
2019-03-21 12:14:50 INFO  Log:22 - Asserting error msg
2019-03-21 12:14:50 INFO  Log:17 - Test is Ending...
2019-03-21 14:32:56 INFO  Log:12 - Test is Starting...
2019-03-21 14:33:01 INFO  Log:22 - Open site and login
2019-03-21 14:33:10 INFO  Log:17 - Test is Ending...
2019-03-30 17:08:29 INFO  Log:12 - Test is Starting...
2019-03-30 17:08:33 INFO  Log:17 - Test is Ending...
2019-03-30 17:12:29 INFO  Log:17 - Test is Ending...
2019-03-30 17:12:37 INFO  Log:12 - Test is Starting...
2019-03-30 17:12:41 INFO  Log:17 - Test is Ending...
2019-03-30 17:13:17 INFO  Log:12 - Test is Starting...
2019-03-30 17:13:21 INFO  Log:22 - Open site and login
2019-03-30 17:13:30 INFO  Log:22 - Asserting error msg
2019-03-30 17:13:30 INFO  Log:17 - Test is Ending...
2019-03-30 18:19:42 INFO  Log:12 - Test is Starting...
2019-03-30 18:19:46 INFO  Log:22 - Open site and login
2019-03-30 18:19:54 INFO  Log:22 - Asserting error msg
2019-03-30 18:19:54 INFO  Log:17 - Test is Ending...
2019-03-30 18:46:58 INFO  Log:22 - Open site and login
2019-03-30 18:47:07 INFO  Log:22 - Asserting error msg
2019-03-30 19:55:21 INFO  Log:22 - Open site and login
2019-03-30 19:55:29 INFO  Log:22 - Asserting error msg
2019-03-30 19:55:29 INFO  Log:22 - Open site and login
2019-03-30 21:42:52 ERROR NamingUtils:54 - Could not find parameter 0
2019-03-30 21:42:52 ERROR NamingUtils:54 - Could not find parameter 1
2019-03-30 21:42:55 INFO  Log:22 - Asserting error msg
2019-04-22 12:50:08 ERROR NamingUtils:54 - Could not find parameter 0
2019-04-22 12:50:08 ERROR NamingUtils:54 - Could not find parameter 1
2019-04-22 12:50:11 INFO  Log:22 - Asserting error msg
2019-05-10 19:36:12 ERROR NamingUtils:54 - Could not find parameter 0
2019-05-10 19:36:12 ERROR NamingUtils:54 - Could not find parameter 1
2019-05-10 19:36:16 INFO  Log:22 - Asserting error msg
2019-05-10 19:43:19 ERROR NamingUtils:54 - Could not find parameter 0
2019-05-10 19:43:19 ERROR NamingUtils:54 - Could not find parameter 1
2019-05-10 19:43:23 INFO  Log:22 - Asserting error msg
2019-05-10 19:54:03 INFO  Log:12 - Test is Starting...
2019-05-10 19:54:09 INFO  Log:22 - Opening home page
2019-05-10 19:54:17 ERROR NamingUtils:54 - Could not find parameter 0
2019-05-10 19:54:17 ERROR NamingUtils:54 - Could not find parameter 1
2019-05-10 19:54:19 INFO  Log:22 - Asserting error msg
2019-05-10 19:54:20 INFO  Log:17 - Test is Ending...
